<?xml version="1.0" encoding="UTF-8"?>
<!-- Generated by org.testng.reporters.JUnitReportReporter -->
<testsuite hostname="Mayank-Macbook.local" failures="0" tests="7" name="com.xyz.MavenExample2.Test3" time="0.020" errors="0" timestamp="2022-02-09T08:53:52 IST" skipped="0">
  <testcase classname="com.xyz.MavenExample2.Test3" name="testcase3" time="0.002"/>
  <system-out/>
  <testcase classname="com.xyz.MavenExample2.Test3" name="testcase4" time="0.003"/>
  <system-out/>
  <testcase classname="com.xyz.MavenExample2.Test3" name="testcase1" time="0.006"/>
  <system-out/>
  <testcase classname="com.xyz.MavenExample2.Test3" name="testcase6" time="0.004"/>
  <system-out/>
  <testcase classname="com.xyz.MavenExample2.Test3" name="testcase7" time="0.001"/>
  <system-out/>
  <testcase classname="com.xyz.MavenExample2.Test3" name="testcase5" time="0.003"/>
  <system-out/>
  <testcase classname="com.xyz.MavenExample2.Test3" name="testcase9" time="0.001"/>
  <system-out/>
</testsuite> <!-- com.xyz.MavenExample2.Test3 -->
