<?xml version="1.0" encoding="UTF-8"?>
<!-- Generated by org.testng.reporters.JUnitReportReporter -->
<testsuite hostname="Mayank-Macbook.local" failures="0" tests="5" name="com.xyz.MavenExample2.Test4" time="28.311" errors="0" timestamp="2022-02-09T08:39:32 IST" skipped="1">
  <testcase classname="com.xyz.MavenExample2.Test4" name="t4_result" time="11.199"/>
  <system-out/>
  <testcase classname="com.xyz.MavenExample2.Test4" name="t1_openBrowser" time="2.497"/>
  <system-out/>
  <testcase classname="com.xyz.MavenExample2.Test4" name="t2_openURL" time="3.976"/>
  <system-out/>
  <testcase classname="com.xyz.MavenExample2.Test4" name="t3_search" time="10.639"/>
  <system-out/>
  <testcase classname="com.xyz.MavenExample2.Test4" name="t5_closeBrowser">
    <skipped/>
  </testcase> <!-- t5_closeBrowser -->
  <system-out/>
</testsuite> <!-- com.xyz.MavenExample2.Test4 -->
